<?xml version="1.0" encoding="UTF-8"?>
<!-- Generated by org.testng.reporters.JUnitReportReporter -->
<testsuite hostname="DESKTOP-DETOOKK" failures="0" tests="2" name="fpoly.TestCase2" time="0.002" errors="0" timestamp="2025-03-24T09:38:40 ICT" skipped="0">
  <testcase classname="fpoly.TestCase2" name="testCase2Method1" time="0.002"/>
  <system-out/>
  <testcase classname="fpoly.TestCase2" name="testCase2Method2" time="0.000"/>
  <system-out/>
</testsuite> <!-- fpoly.TestCase2 -->
