<?xml version="1.0" encoding="UTF-8"?>
<!-- Generated by org.testng.reporters.JUnitReportReporter -->
<testsuite hostname="DESKTOP-DETOOKK" failures="0" tests="2" name="fpoly.TestCase1" time="0.008" errors="0" timestamp="2025-03-24T09:38:40 ICT" skipped="0">
  <testcase classname="fpoly.TestCase1" name="testCase1Method1" time="0.008"/>
  <system-out/>
  <testcase classname="fpoly.TestCase1" name="testCase1Method2" time="0.000"/>
  <system-out/>
</testsuite> <!-- fpoly.TestCase1 -->
