<?xml version="1.0" encoding="UTF-8"?>
<!-- Generated by org.testng.reporters.JUnitReportReporter -->
<testsuite hostname="DESKTOP-DETOOKK" failures="0" tests="1" name="fpoly.GroupTestExample" time="0.007" errors="0" timestamp="2025-03-24T09:48:18 ICT" skipped="0">
  <testcase classname="fpoly.GroupTestExample" name="test3" time="0.007"/>
  <system-out/>
</testsuite> <!-- fpoly.GroupTestExample -->
